<?xml version="1.0" encoding="UTF-8"?>
<!-- Generated by org.testng.reporters.JUnitReportReporter -->
<testsuite skipped="0" hostname="RESIDENCE" name="com.sat.qa.tests.HomePageTest" tests="3" failures="0" timestamp="12 Jun 2019 06:12:44 GMT" time="61.176" errors="0">
  <testcase name="verifyHomePageTitleTest" time="19.761" classname="com.sat.qa.tests.HomePageTest"/>
  <testcase name="verifyUserNameTest" time="23.173" classname="com.sat.qa.tests.HomePageTest"/>
  <testcase name="verifyHomeAppliancesLinkTest" time="18.242" classname="com.sat.qa.tests.HomePageTest"/>
</testsuite> <!-- com.sat.qa.tests.HomePageTest -->
